0 info it worked if it ends with ok
1 verbose cli [ 'node', '/usr/local/bin/npm', 'install', 'jsdoc@<=3.3.0', '-g' ]
2 info using npm@1.4.28
3 info using node@v0.10.35
4 verbose cache add [ 'jsdoc@<=3.3.0', null ]
5 verbose cache add name=undefined spec="jsdoc@<=3.3.0" args=["jsdoc@<=3.3.0",null]
6 verbose parsed url { protocol: null,
6 verbose parsed url   slashes: null,
6 verbose parsed url   auth: null,
6 verbose parsed url   host: null,
6 verbose parsed url   port: null,
6 verbose parsed url   hostname: null,
6 verbose parsed url   hash: null,
6 verbose parsed url   search: null,
6 verbose parsed url   query: null,
6 verbose parsed url   pathname: 'jsdoc@%3C=3.3.0',
6 verbose parsed url   path: 'jsdoc@%3C=3.3.0',
6 verbose parsed url   href: 'jsdoc@%3C=3.3.0' }
7 verbose cache add name="jsdoc" spec="<=3.3.0" args=["jsdoc","<=3.3.0"]
8 verbose parsed url { protocol: null,
8 verbose parsed url   slashes: null,
8 verbose parsed url   auth: null,
8 verbose parsed url   host: null,
8 verbose parsed url   port: null,
8 verbose parsed url   hostname: null,
8 verbose parsed url   hash: null,
8 verbose parsed url   search: null,
8 verbose parsed url   query: null,
8 verbose parsed url   pathname: '%3C=3.3.0',
8 verbose parsed url   path: '%3C=3.3.0',
8 verbose parsed url   href: '%3C=3.3.0' }
9 verbose addNamed [ 'jsdoc', '<=3.3.0' ]
10 verbose addNamed [ null, '<=3.3.0' ]
11 silly lockFile 01a8fe6d-jsdoc-3-3-0 jsdoc@<=3.3.0
12 verbose lock jsdoc@<=3.3.0 /Users/tim/.npm/01a8fe6d-jsdoc-3-3-0.lock
13 silly addNameRange { name: 'jsdoc', range: '<=3.3.0', hasData: false }
14 verbose request where is /jsdoc
15 verbose request registry https://registry.npmjs.org/
16 verbose request id cde21dad4ee094d6
17 verbose url raw /jsdoc
18 verbose url resolving [ 'https://registry.npmjs.org/', './jsdoc' ]
19 verbose url resolved https://registry.npmjs.org/jsdoc
20 verbose request where is https://registry.npmjs.org/jsdoc
21 info trying registry request attempt 1 at 19:45:42
22 verbose etag "BQNWPRC8YYBP10AMQPQNHCXWD"
23 http GET https://registry.npmjs.org/jsdoc
24 http 304 https://registry.npmjs.org/jsdoc
25 silly registry.get cb [ 304,
25 silly registry.get   { date: 'Mon, 23 Mar 2015 08:45:42 GMT',
25 silly registry.get     server: 'Apache',
25 silly registry.get     via: '1.1 varnish',
25 silly registry.get     'last-modified': 'Mon, 23 Mar 2015 08:45:43 GMT',
25 silly registry.get     'cache-control': 'max-age=60',
25 silly registry.get     etag: '"BQNWPRC8YYBP10AMQPQNHCXWD"',
25 silly registry.get     age: '0',
25 silly registry.get     'x-served-by': 'cache-syd1625-SYD',
25 silly registry.get     'x-cache': 'HIT',
25 silly registry.get     'x-cache-hits': '1',
25 silly registry.get     'x-timer': 'S1427100342.686307,VS0,VE1026',
25 silly registry.get     vary: 'Accept',
25 silly registry.get     'content-length': '0',
25 silly registry.get     'keep-alive': 'timeout=10, max=50',
25 silly registry.get     connection: 'Keep-Alive' } ]
26 verbose etag https://registry.npmjs.org/jsdoc from cache
27 silly addNameRange number 2 { name: 'jsdoc', range: '<=3.3.0', hasData: true }
28 silly addNameRange versions [ 'jsdoc',
28 silly addNameRange   [ '0.0.0',
28 silly addNameRange     '3.2.0-dev',
28 silly addNameRange     '3.2.0',
28 silly addNameRange     '3.2.1',
28 silly addNameRange     '3.2.2',
28 silly addNameRange     '3.3.0-alpha1',
28 silly addNameRange     '3.3.0-alpha2',
28 silly addNameRange     '3.3.0-alpha3',
28 silly addNameRange     '3.3.0-alpha4',
28 silly addNameRange     '3.3.0-alpha5',
28 silly addNameRange     '3.3.0-alpha7',
28 silly addNameRange     '3.3.0-alpha8',
28 silly addNameRange     '3.3.0-alpha9',
28 silly addNameRange     '3.3.0-alpha10',
28 silly addNameRange     '3.3.0-alpha11',
28 silly addNameRange     '3.3.0-alpha12',
28 silly addNameRange     '3.3.0-alpha13',
28 silly addNameRange     '3.3.0-beta1',
28 silly addNameRange     '3.3.0-beta2',
28 silly addNameRange     '3.3.0-beta3' ] ]
29 verbose addNamed [ 'jsdoc', '3.3.0-beta3' ]
30 verbose addNamed [ '3.3.0-beta3', '3.3.0-beta3' ]
31 silly lockFile c9fe6b27-jsdoc-3-3-0-beta3 jsdoc@3.3.0-beta3
32 verbose lock jsdoc@3.3.0-beta3 /Users/tim/.npm/c9fe6b27-jsdoc-3-3-0-beta3.lock
33 silly lockFile c9fe6b27-jsdoc-3-3-0-beta3 jsdoc@3.3.0-beta3
34 silly lockFile c9fe6b27-jsdoc-3-3-0-beta3 jsdoc@3.3.0-beta3
35 silly lockFile 01a8fe6d-jsdoc-3-3-0 jsdoc@<=3.3.0
36 silly lockFile 01a8fe6d-jsdoc-3-3-0 jsdoc@<=3.3.0
37 silly resolved [ { name: 'jsdoc',
37 silly resolved     version: '3.3.0-beta3',
37 silly resolved     revision: '1426697054695',
37 silly resolved     description: 'An API documentation generator for JavaScript.',
37 silly resolved     keywords: [ 'documentation', 'javascript' ],
37 silly resolved     license: 'Apache-2.0',
37 silly resolved     repository: { type: 'git', url: 'https://github.com/jsdoc3/jsdoc' },
37 silly resolved     dependencies:
37 silly resolved      { async: '~0.9.0',
37 silly resolved        catharsis: '~0.8.6',
37 silly resolved        'escape-string-regexp': '~1.0.2',
37 silly resolved        esprima: 'https://github.com/ariya/esprima/tarball/49a2eccb243f29bd653b11e9419241a9d726af7c',
37 silly resolved        js2xmlparser: '~0.1.7',
37 silly resolved        marked: '~0.3.2',
37 silly resolved        requizzle: '~0.2.0',
37 silly resolved        'strip-json-comments': '~1.0.2',
37 silly resolved        taffydb: 'https://github.com/hegemonic/taffydb/tarball/7d100bcee0e997ee4977e273cdce60bd8933050e',
37 silly resolved        underscore: '~1.7.0',
37 silly resolved        wrench: '~1.5.8' },
37 silly resolved     devDependencies:
37 silly resolved      { eslint: '~0.11.0',
37 silly resolved        gulp: '~3.8.5',
37 silly resolved        'gulp-eslint': '~0.1.7',
37 silly resolved        'gulp-json-editor': '~2.0.2',
37 silly resolved        istanbul: '~0.2.1',
37 silly resolved        tv4: 'https://github.com/hegemonic/tv4/tarball/own-properties' },
37 silly resolved     engines: { node: '>=0.10' },
37 silly resolved     scripts: { test: 'gulp test' },
37 silly resolved     bin: { jsdoc: './jsdoc.js' },
37 silly resolved     bugs: { url: 'https://github.com/jsdoc3/jsdoc/issues' },
37 silly resolved     author: { name: 'Michael Mathews', email: 'micmath@gmail.com' },
37 silly resolved     contributors: [ [Object] ],
37 silly resolved     maintainers: [ [Object], [Object] ],
37 silly resolved     homepage: 'https://github.com/jsdoc3/jsdoc',
37 silly resolved     _id: 'jsdoc@3.3.0-beta3',
37 silly resolved     _shasum: '4b3ba198ab44c6204263e0218a0ae7398ec18b1d',
37 silly resolved     _from: 'jsdoc@<=3.3.0',
37 silly resolved     _npmVersion: '1.4.9',
37 silly resolved     _npmUser: { name: 'hegemonic', email: 'jeffrey.l.williams@gmail.com' },
37 silly resolved     dist:
37 silly resolved      { shasum: '4b3ba198ab44c6204263e0218a0ae7398ec18b1d',
37 silly resolved        tarball: 'http://registry.npmjs.org/jsdoc/-/jsdoc-3.3.0-beta3.tgz' },
37 silly resolved     directories: {},
37 silly resolved     _resolved: 'https://registry.npmjs.org/jsdoc/-/jsdoc-3.3.0-beta3.tgz',
37 silly resolved     readme: 'ERROR: No README data found!' } ]
38 info install jsdoc@3.3.0-beta3 into /usr/local/lib
39 info installOne jsdoc@3.3.0-beta3
40 verbose lib/node_modules/jsdoc unbuild
41 verbose tar unpack /Users/tim/.npm/jsdoc/3.3.0-beta3/package.tgz
42 silly lockFile 07026282-usr-local-lib-node-modules-jsdoc tar:///usr/local/lib/node_modules/jsdoc
43 verbose lock tar:///usr/local/lib/node_modules/jsdoc /Users/tim/.npm/07026282-usr-local-lib-node-modules-jsdoc.lock
44 silly lockFile 0a973c18-pm-jsdoc-3-3-0-beta3-package-tgz tar:///Users/tim/.npm/jsdoc/3.3.0-beta3/package.tgz
45 verbose lock tar:///Users/tim/.npm/jsdoc/3.3.0-beta3/package.tgz /Users/tim/.npm/0a973c18-pm-jsdoc-3-3-0-beta3-package-tgz.lock
46 silly gunzTarPerm modes [ '755', '644' ]
47 error Error: EACCES, mkdir '/usr/local/lib/node_modules/jsdoc'
47 error  { [Error: EACCES, mkdir '/usr/local/lib/node_modules/jsdoc']
47 error   errno: 3,
47 error   code: 'EACCES',
47 error   path: '/usr/local/lib/node_modules/jsdoc',
47 error   fstream_type: 'Directory',
47 error   fstream_path: '/usr/local/lib/node_modules/jsdoc',
47 error   fstream_class: 'DirWriter',
47 error   fstream_stack:
47 error    [ '/usr/local/lib/node_modules/npm/node_modules/fstream/lib/dir-writer.js:36:23',
47 error      '/usr/local/lib/node_modules/npm/node_modules/mkdirp/index.js:46:53',
47 error      'Object.oncomplete (fs.js:108:15)' ] }
48 error Please try running this command again as root/Administrator.
49 error System Darwin 14.0.0
50 error command "node" "/usr/local/bin/npm" "install" "jsdoc@<=3.3.0" "-g"
51 error cwd /Users/tim/angular/games/mitch
52 error node -v v0.10.35
53 error npm -v 1.4.28
54 error path /usr/local/lib/node_modules/jsdoc
55 error fstream_path /usr/local/lib/node_modules/jsdoc
56 error fstream_type Directory
57 error fstream_class DirWriter
58 error code EACCES
59 error errno 3
60 error stack Error: EACCES, mkdir '/usr/local/lib/node_modules/jsdoc'
61 error fstream_stack /usr/local/lib/node_modules/npm/node_modules/fstream/lib/dir-writer.js:36:23
61 error fstream_stack /usr/local/lib/node_modules/npm/node_modules/mkdirp/index.js:46:53
61 error fstream_stack Object.oncomplete (fs.js:108:15)
62 verbose exit [ 3, true ]
